<?xml version="1.0" encoding="UTF-8"?>
<!-- Generated by org.testng.reporters.JUnitReportReporter -->
<testsuite hostname="51-C03-012" name="com.testing.java.utils.PropUtilTest" tests="1" failures="0" timestamp="24 Jul 2016 06:20:47 GMT" time="0.029" errors="0">
  <testcase name="testGetProperty" time="0.029" classname="com.testing.java.utils.PropUtilTest"/>
</testsuite>
