<?xml version="1.0" encoding="UTF-8"?>
<!-- Generated by org.testng.reporters.JUnitReportReporter -->
<testsuite hostname="51-C03-012" name="com.testing.java.testcase.BaiduIndexTest" tests="3" failures="0" timestamp="24 Jul 2016 09:07:41 GMT" time="4.212" errors="0">
  <testcase name="search001" time="3.872" classname="com.testing.java.testcase.BaiduIndexTest"/>
  <testcase name="clickLogin" time="0.228" classname="com.testing.java.testcase.BaiduIndexTest"/>
  <testcase name="testNuomi001" time="0.112" classname="com.testing.java.testcase.BaiduIndexTest"/>
</testsuite>
